<?xml version="1.0" encoding="UTF-8"?>
<!-- Generated by org.testng.reporters.JUnitReportReporter -->
<testsuite hostname="Girishs-MacBook-Air.local" name="sample.LoginTest" tests="2" failures="0" timestamp="5 Aug 2017 14:29:03 GMT" time="0.026" errors="0">
  <testcase name="login" time="0.025" classname="sample.LoginTest"/>
  <testcase name="adminLogin" time="0.001" classname="sample.LoginTest"/>
</testsuite> <!-- sample.LoginTest -->
