<?xml version="1.0" encoding="UTF-8"?>
<!-- Generated by org.testng.reporters.JUnitReportReporter -->
<testsuite hostname="Girishs-MacBook-Air.local" name="TestA" tests="4" failures="0" timestamp="17 May 2017 16:27:42 GMT" time="0.014" errors="0">
  <testcase name="Test" time="0.010" classname="TestA"/>
  <testcase name="Test" time="0.002" classname="TestA"/>
  <testcase name="Test" time="0.001" classname="TestA"/>
  <testcase name="Test" time="0.001" classname="TestA"/>
</testsuite> <!-- TestA -->
