<?xml version="1.0" encoding="UTF-8"?>
<!-- Generated by org.testng.reporters.JUnitReportReporter -->
<testsuite hostname="CSCINDAE752477" name="dummy.TestngTest" tests="1" failures="0" timestamp="16 Oct 2017 07:08:56 GMT" time="0.013" errors="0">
  <testcase name="smallTest" time="0.013" classname="dummy.TestngTest"/>
</testsuite> <!-- dummy.TestngTest -->
