<?xml version="1.0" encoding="UTF-8"?>
<!-- Generated by org.testng.reporters.JUnitReportReporter -->
<testsuite hostname="CSCINDAE752477" name="com.testng.tests1.Test2" tests="3" failures="0" timestamp="16 Oct 2017 09:16:06 GMT" time="0.002" errors="0">
  <testcase name="case6" time="0.001" classname="com.testng.tests1.Test2"/>
  <testcase name="case4" time="0.001" classname="com.testng.tests1.Test2"/>
  <testcase name="case5" time="0.000" classname="com.testng.tests1.Test2"/>
</testsuite> <!-- com.testng.tests1.Test2 -->
