<?xml version="1.0" encoding="UTF-8"?>
<!-- Generated by org.testng.reporters.JUnitReportReporter -->
<testsuite hostname="CSCINDAE752477" name="seleniumPractice.Phones" tests="1" failures="0" timestamp="16 Oct 2017 11:40:43 GMT" time="38.058" errors="0">
  <testcase name="getPhones" time="38.058" classname="seleniumPractice.Phones"/>
</testsuite> <!-- seleniumPractice.Phones -->
