<?xml version="1.0" encoding="UTF-8"?>
<!-- Generated by org.testng.reporters.JUnitReportReporter -->
<testsuite hostname="CSCINDAE752477" name="com.testng.tests.Test1" tests="3" failures="0" timestamp="16 Oct 2017 08:59:48 GMT" time="0.009" errors="0">
  <testcase name="case1" time="0.007" classname="com.testng.tests.Test1"/>
  <testcase name="case3" time="0.001" classname="com.testng.tests.Test1"/>
  <testcase name="case2" time="0.001" classname="com.testng.tests.Test1"/>
</testsuite> <!-- com.testng.tests.Test1 -->
