<?xml version="1.0" encoding="UTF-8"?>
<!-- Generated by org.testng.reporters.JUnitReportReporter -->
<testsuite hostname="CSCINDAE752477" name="com.testng.tests1.Data" tests="2" failures="0" timestamp="16 Oct 2017 09:38:43 GMT" time="0.011" errors="0">
  <testcase name="testData" time="0.002" classname="com.testng.tests1.Data"/>
  <testcase name="testData" time="0.009" classname="com.testng.tests1.Data"/>
</testsuite> <!-- com.testng.tests1.Data -->
