<?xml version="1.0" encoding="UTF-8"?>
<!-- Generated by org.testng.reporters.JUnitReportReporter -->
<testsuite hostname="CSCINDAE752477" name="com.testng.tests2.Test4" tests="3" failures="0" timestamp="16 Oct 2017 09:16:06 GMT" time="0.011" errors="0">
  <testcase name="case11" time="0.001" classname="com.testng.tests2.Test4"/>
  <testcase name="case10" time="0.001" classname="com.testng.tests2.Test4"/>
  <testcase name="case12" time="0.009" classname="com.testng.tests2.Test4"/>
</testsuite> <!-- com.testng.tests2.Test4 -->
