<?xml version="1.0" encoding="UTF-8"?>
<!-- Generated by org.testng.reporters.JUnitReportReporter -->
<testsuite hostname="leus0000clx0t72" name="com.bhanu.testscripts.TC_001" tests="5" failures="0" timestamp="29 Jun 2016 18:09:57 GMT" time="1.043" errors="0">
  <testcase name="verifyUpdateCountry" time="0.001" classname="com.bhanu.testscripts.TC_001"/>
  <testcase name="verifyDeleteCountry" time="0.000" classname="com.bhanu.testscripts.TC_001"/>
  <testcase name="verifyAddCountry" time="0.993" classname="com.bhanu.testscripts.TC_001"/>
  <testcase name="verifyGetCountries" time="0.036" classname="com.bhanu.testscripts.TC_001"/>
  <testcase name="verifyAddCountry" time="0.013" classname="com.bhanu.testscripts.TC_001"/>
</testsuite> <!-- com.bhanu.testscripts.TC_001 -->
