<?xml version="1.0" encoding="UTF-8"?>
<!-- Generated by org.testng.reporters.JUnitReportReporter -->
<testsuite hostname="Girishs-MacBook-Air.local" name="testListner" tests="2" failures="0" timestamp="5 Oct 2015 16:24:14 GMT" time="0.021" errors="0">
  <testcase name="adminlogin" time="0.001" classname="testListner"/>
  <testcase name="userlogin" time="0.020" classname="testListner"/>
</testsuite> <!-- testListner -->
