<?xml version="1.0" encoding="UTF-8"?>
<!-- Generated by org.testng.reporters.JUnitReportReporter -->
<testsuite hostname="Girishs-MacBook-Air.local" name="Prioritize" tests="5" failures="0" timestamp="29 Sep 2015 16:22:48 GMT" time="0.025" errors="0">
  <testcase name="case_b" time="0.001" classname="Prioritize"/>
  <testcase name="case_a" time="0.001" classname="Prioritize"/>
  <testcase name="case_c" time="0.000" classname="Prioritize"/>
  <testcase name="case_b" time="0.001" classname="Prioritize"/>
  <testcase name="case_a" time="0.022" classname="Prioritize"/>
</testsuite> <!-- Prioritize -->
