<?xml version="1.0" encoding="UTF-8"?>
<!-- Generated by org.testng.reporters.JUnitReportReporter -->
<testsuite hostname="Girishs-MacBook-Air.local" name="DifferentData" tests="5" failures="0" timestamp="29 Sep 2015 17:09:43 GMT" time="0.030" errors="0">
  <testcase name="testA" time="0.001" classname="DifferentData"/>
  <testcase name="testA" time="0.027" classname="DifferentData"/>
  <testcase name="testB" time="0.001" classname="DifferentData"/>
  <testcase name="testB" time="0.000" classname="DifferentData"/>
  <testcase name="testB" time="0.001" classname="DifferentData"/>
</testsuite> <!-- DifferentData -->
