<?xml version="1.0" encoding="UTF-8"?>
<!-- Generated by org.testng.reporters.JUnitReportReporter -->
<testsuite hostname="Girishs-MacBook-Air.local" name="SameData" tests="4" failures="0" timestamp="29 Sep 2015 16:27:03 GMT" time="0.025" errors="0">
  <testcase name="case_a" time="0.000" classname="SameData"/>
  <testcase name="case_b" time="0.001" classname="SameData"/>
  <testcase name="case_b" time="0.001" classname="SameData"/>
  <testcase name="case_a" time="0.023" classname="SameData"/>
</testsuite> <!-- SameData -->
