<?xml version="1.0" encoding="UTF-8" ?>
<testsuite tests="14" failures="0" name="TestSuite" time="28.229" errors="0" skipped="12">
  <properties>
    <property name="java.runtime.name" value="Java(TM) SE Runtime Environment"/>
    <property name="sun.boot.library.path" value="/Library/Java/JavaVirtualMachines/jdk1.8.0_60.jdk/Contents/Home/jre/lib"/>
    <property name="java.vm.version" value="25.60-b23"/>
    <property name="gopherProxySet" value="false"/>
    <property name="java.vm.vendor" value="Oracle Corporation"/>
    <property name="maven.multiModuleProjectDirectory" value="/Users/girishr/Documents/workspace/ddf/Zoho/DataDriven_Zoho_May2017"/>
    <property name="java.vendor.url" value="http://java.oracle.com/"/>
    <property name="path.separator" value=":"/>
    <property name="guice.disable.misplaced.annotation.check" value="true"/>
    <property name="java.vm.name" value="Java HotSpot(TM) 64-Bit Server VM"/>
    <property name="file.encoding.pkg" value="sun.io"/>
    <property name="user.country" value="US"/>
    <property name="sun.java.launcher" value="SUN_STANDARD"/>
    <property name="sun.os.patch.level" value="unknown"/>
    <property name="java.vm.specification.name" value="Java Virtual Machine Specification"/>
    <property name="user.dir" value="/Users/girishr/Documents/workspace/ddf/Zoho/DataDriven_Zoho_May2017"/>
    <property name="java.runtime.version" value="1.8.0_60-b27"/>
    <property name="java.awt.graphicsenv" value="sun.awt.CGraphicsEnvironment"/>
    <property name="java.endorsed.dirs" value="/Library/Java/JavaVirtualMachines/jdk1.8.0_60.jdk/Contents/Home/jre/lib/endorsed"/>
    <property name="os.arch" value="x86_64"/>
    <property name="java.io.tmpdir" value="/var/folders/nl/lwcyy7fx5_5_ml1qv227brzw0000gn/T/"/>
    <property name="line.separator" value="
"/>
    <property name="java.vm.specification.vendor" value="Oracle Corporation"/>
    <property name="os.name" value="Mac OS X"/>
    <property name="classworlds.conf" value="/usr/local/apache-maven/apache-maven-3.5.0/bin/m2.conf"/>
    <property name="sun.jnu.encoding" value="UTF-8"/>
    <property name="java.library.path" value="/Users/girishr/Library/Java/Extensions:/Library/Java/Extensions:/Network/Library/Java/Extensions:/System/Library/Java/Extensions:/usr/lib/java:."/>
    <property name="maven.conf" value="/usr/local/apache-maven/apache-maven-3.5.0/conf"/>
    <property name="java.specification.name" value="Java Platform API Specification"/>
    <property name="java.class.version" value="52.0"/>
    <property name="sun.management.compiler" value="HotSpot 64-Bit Tiered Compilers"/>
    <property name="os.version" value="10.10.5"/>
    <property name="library.jansi.path" value="/usr/local/apache-maven/apache-maven-3.5.0/lib/jansi-native/osx64"/>
    <property name="http.nonProxyHosts" value="local|*.local|169.254/16|*.169.254/16"/>
    <property name="user.home" value="/Users/girishr"/>
    <property name="user.timezone" value="Asia/Dubai"/>
    <property name="java.awt.printerjob" value="sun.lwawt.macosx.CPrinterJob"/>
    <property name="java.specification.version" value="1.8"/>
    <property name="file.encoding" value="UTF-8"/>
    <property name="user.name" value="girishr"/>
    <property name="java.class.path" value="/usr/local/apache-maven/apache-maven-3.5.0/boot/plexus-classworlds-2.5.2.jar"/>
    <property name="java.vm.specification.version" value="1.8"/>
    <property name="sun.arch.data.model" value="64"/>
    <property name="java.home" value="/Library/Java/JavaVirtualMachines/jdk1.8.0_60.jdk/Contents/Home/jre"/>
    <property name="sun.java.command" value="org.codehaus.plexus.classworlds.launcher.Launcher test"/>
    <property name="java.specification.vendor" value="Oracle Corporation"/>
    <property name="user.language" value="en"/>
    <property name="awt.toolkit" value="sun.lwawt.macosx.LWCToolkit"/>
    <property name="java.vm.info" value="mixed mode"/>
    <property name="java.version" value="1.8.0_60"/>
    <property name="java.ext.dirs" value="/Users/girishr/Library/Java/Extensions:/Library/Java/JavaVirtualMachines/jdk1.8.0_60.jdk/Contents/Home/jre/lib/ext:/Library/Java/Extensions:/Network/Library/Java/Extensions:/System/Library/Java/Extensions:/usr/lib/java"/>
    <property name="sun.boot.class.path" value="/Library/Java/JavaVirtualMachines/jdk1.8.0_60.jdk/Contents/Home/jre/lib/resources.jar:/Library/Java/JavaVirtualMachines/jdk1.8.0_60.jdk/Contents/Home/jre/lib/rt.jar:/Library/Java/JavaVirtualMachines/jdk1.8.0_60.jdk/Contents/Home/jre/lib/sunrsasign.jar:/Library/Java/JavaVirtualMachines/jdk1.8.0_60.jdk/Contents/Home/jre/lib/jsse.jar:/Library/Java/JavaVirtualMachines/jdk1.8.0_60.jdk/Contents/Home/jre/lib/jce.jar:/Library/Java/JavaVirtualMachines/jdk1.8.0_60.jdk/Contents/Home/jre/lib/charsets.jar:/Library/Java/JavaVirtualMachines/jdk1.8.0_60.jdk/Contents/Home/jre/lib/jfr.jar:/Library/Java/JavaVirtualMachines/jdk1.8.0_60.jdk/Contents/Home/jre/classes"/>
    <property name="java.vendor" value="Oracle Corporation"/>
    <property name="maven.home" value="/usr/local/apache-maven/apache-maven-3.5.0"/>
    <property name="file.separator" value="/"/>
    <property name="java.vendor.url.bug" value="http://bugreport.sun.com/bugreport/"/>
    <property name="sun.cpu.endian" value="little"/>
    <property name="sun.io.unicode.encoding" value="UnicodeBig"/>
    <property name="socksNonProxyHosts" value="local|*.local|169.254/16|*.169.254/16"/>
    <property name="ftp.nonProxyHosts" value="local|*.local|169.254/16|*.169.254/16"/>
    <property name="sun.cpu.isalist" value=""/>
  </properties>
  <testcase classname="com.qtpselenium.zoho.project.testcases.LoginTest" name="doLoginTest" time="28.015"/>
  <testcase classname="com.qtpselenium.zoho.project.testcases.LoginTest" name="doLoginTest" time="0.001">
    <skipped/>
    <system-err>1496588357513	Marionette	INFO	New connections will no longer be accepted
</system-err>
  </testcase>
  <testcase classname="com.qtpselenium.zoho.project.testcases.PotentialTest" name="createPotentialTest" time="0.144">
    <skipped/>
  </testcase>
  <testcase classname="com.qtpselenium.zoho.project.testcases.LeadTest" name="createLeadTest" time="0.003">
    <skipped/>
    <system-out>Test row starts from 6
The total number of rows are 4
Total columns are 4




</system-out>
  </testcase>
  <testcase classname="com.qtpselenium.zoho.project.testcases.LeadTest" name="createLeadTest" time="0.001">
    <skipped/>
  </testcase>
  <testcase classname="com.qtpselenium.zoho.project.testcases.LeadTest" name="createLeadTest" time="0.001">
    <skipped/>
  </testcase>
  <testcase classname="com.qtpselenium.zoho.project.testcases.LeadTest" name="createLeadTest" time="0.001">
    <skipped/>
  </testcase>
  <testcase classname="com.qtpselenium.zoho.project.testcases.LeadTest" name="convertLeadTest" time="0.002">
    <skipped/>
    <system-out>Test row starts from 6
The total number of rows are 4
Total columns are 4




</system-out>
  </testcase>
  <testcase classname="com.qtpselenium.zoho.project.testcases.LeadTest" name="convertLeadTest" time="0.005">
    <skipped/>
  </testcase>
  <testcase classname="com.qtpselenium.zoho.project.testcases.LeadTest" name="convertLeadTest" time="0.002">
    <skipped/>
  </testcase>
  <testcase classname="com.qtpselenium.zoho.project.testcases.LeadTest" name="convertLeadTest" time="0.002">
    <skipped/>
  </testcase>
  <testcase classname="com.qtpselenium.zoho.project.testcases.LeadTest" name="deleteLeadAccountTest" time="0.001">
    <skipped/>
    <system-out>Test row starts from 13
The total number of rows are 1
Total columns are 4

</system-out>
  </testcase>
  <testcase classname="com.qtpselenium.zoho.project.testcases.PotentialTest" name="deletePotentialAccountTest" time="0.049">
    <skipped/>
  </testcase>
  <testcase classname="com.qtpselenium.zoho.project.AppTest" name="testApp on testApp(com.qtpselenium.zoho.project.AppTest)" time="0.002"/>
</testsuite>