<?xml version="1.0" encoding="UTF-8"?>
<!-- Generated by org.testng.reporters.JUnitReportReporter -->
<testsuite hostname="Girishs-MacBook-Air.local" name="package05052017.purchaseProducts" tests="1" failures="0" timestamp="7 May 2017 15:22:09 GMT" time="14.042" errors="0">
  <testcase name="BuyProduct" time="14.042" classname="package05052017.purchaseProducts"/>
</testsuite> <!-- package05052017.purchaseProducts -->
