<?xml version="1.0" encoding="UTF-8"?>
<!-- Generated by org.testng.reporters.JUnitReportReporter -->
<testsuite hostname="Girishs-MacBook-Air.local" name="package05052017.PurchaseProcess" tests="1" failures="0" timestamp="6 May 2017 12:28:18 GMT" time="11.761" errors="0">
  <testcase name="WeBuy" time="11.761" classname="package05052017.PurchaseProcess"/>
</testsuite> <!-- package05052017.PurchaseProcess -->
