<?xml version="1.0" encoding="UTF-8"?>
<!-- Generated by org.testng.reporters.JUnitReportReporter -->
<testsuite skipped="0" hostname="CSCINDAE752477" name="com.pageobjmod.qa.test.LoginPageTest" tests="2" failures="0" timestamp="30 Oct 2017 11:18:55 GMT" time="23.967" errors="0">
  <testcase name="validatePageTitle" time="12.986" classname="com.pageobjmod.qa.test.LoginPageTest"/>
  <testcase name="validateCRMLogo" time="10.981" classname="com.pageobjmod.qa.test.LoginPageTest"/>
</testsuite> <!-- com.pageobjmod.qa.test.LoginPageTest -->
