<?xml version="1.0" encoding="UTF-8"?>
<!-- Generated by org.testng.reporters.JUnitReportReporter -->
<testsuite skipped="0" hostname="CSCINDAE752477" name="com.pageobjmod.qa.test.HomePageTest" tests="3" failures="0" timestamp="30 Oct 2017 10:18:40 GMT" time="59.535" errors="0">
  <testcase name="validateUserName" time="16.977" classname="com.pageobjmod.qa.test.HomePageTest"/>
  <testcase name="validateHomePage" time="21.430" classname="com.pageobjmod.qa.test.HomePageTest"/>
  <testcase name="clickContacts" time="21.128" classname="com.pageobjmod.qa.test.HomePageTest"/>
</testsuite> <!-- com.pageobjmod.qa.test.HomePageTest -->
