<?xml version="1.0" encoding="UTF-8"?>
<!-- Generated by org.testng.reporters.JUnitReportReporter -->
<testsuite hostname="Girishs-MacBook-Air.local" name="com.qtpselenium.core.dff.testcases.Test24" tests="1" failures="0" timestamp="18 May 2017 16:55:17 GMT" time="0.802" errors="0">
  <testcase name="sample" time="0.802" classname="com.qtpselenium.core.dff.testcases.Test24"/>
</testsuite> <!-- com.qtpselenium.core.dff.testcases.Test24 -->
