<?xml version="1.0" encoding="UTF-8"?>
<!-- Generated by org.testng.reporters.JUnitReportReporter -->
<testsuite hostname="Girishs-MacBook-Air.local" name="Parameterize" tests="2" failures="0" timestamp="24 Sep 2015 13:02:10 GMT" time="0.027" errors="0">
  <testcase name="testparameter" time="0.027" classname="Parameterize"/>
  <testcase name="testparameter" time="0.000" classname="Parameterize"/>
</testsuite> <!-- Parameterize -->
