<?xml version="1.0" encoding="UTF-8"?>
<!-- Generated by org.testng.reporters.JUnitReportReporter -->
<testsuite hostname="Girishs-MacBook-Air.local" name="SampleClass" tests="2" failures="0" timestamp="1 Jan 2016 15:28:21 GMT" time="0.014" errors="0">
  <testcase name="simpleTest" time="0.002" classname="SampleClass"/>
  <testcase name="simple" time="0.012" classname="SampleClass"/>
</testsuite> <!-- SampleClass -->
