<?xml version="1.0" encoding="UTF-8"?>
<!-- Generated by org.testng.reporters.JUnitReportReporter -->
<testsuite hostname="Girishs-MacBook-Air.local" name="Test.Parameterize" tests="2" failures="0" timestamp="30 Sep 2015 15:53:36 GMT" time="0.003" errors="0">
  <testcase name="testparameter" time="0.002" classname="Test.Parameterize"/>
  <testcase name="testparameter" time="0.001" classname="Test.Parameterize"/>
</testsuite> <!-- Test.Parameterize -->
