<?xml version="1.0" encoding="UTF-8"?>
<!-- Generated by org.testng.reporters.JUnitReportReporter -->
<testsuite hostname="Girishs-MacBook-Air.local" name="Test.TestGmail" tests="1" failures="0" timestamp="30 Sep 2015 15:53:36 GMT" time="0.004" errors="0">
  <testcase name="testmessage" time="0.004" classname="Test.TestGmail"/>
</testsuite> <!-- Test.TestGmail -->
