<?xml version="1.0" encoding="UTF-8"?>
<!-- Generated by org.testng.reporters.JUnitReportReporter -->
<testsuite hostname="Girishs-MacBook-Air.local" name="Test.Gmailmessage" tests="1" failures="0" timestamp="30 Sep 2015 15:53:36 GMT" time="0.002" errors="1">
  <testcase name="testmessage" time="0.002" classname="Test.Gmailmessage"/>
</testsuite> <!-- Test.Gmailmessage -->
