<?xml version="1.0" encoding="UTF-8"?>
<!-- Generated by org.testng.reporters.JUnitReportReporter -->
<testsuite name="com.api.tests.APITest" tests="1" time="4.121" ignored="0" failures="0" timestamp="18 Jan 2018 07:13:23 GMT" skipped="0" hostname="CSCINDAE752477" errors="0">
  <testcase name="getUsers" time="4.121" classname="com.api.tests.APITest"/>
</testsuite> <!-- com.api.tests.APITest -->
