<?xml version="1.0" encoding="UTF-8"?>
<!-- Generated by org.testng.reporters.JUnitReportReporter -->
<testsuite hostname="Girishs-MacBook-Air.local" name="com.qtpselenium.zoho.project.AppTest" tests="1" failures="0" timestamp="4 Jun 2017 14:59:19 GMT" time="0.003" errors="0">
  <testcase name="testApp" time="0.003" classname="com.qtpselenium.zoho.project.AppTest"/>
</testsuite> <!-- com.qtpselenium.zoho.project.AppTest -->
