<?xml version="1.0" encoding="UTF-8"?>
<!-- Generated by org.testng.reporters.JUnitReportReporter -->
<testsuite hostname="CSCINDAE752477" name="dummy.Const" tests="1" failures="0" timestamp="1 Jan 2018 04:59:21 GMT" time="0.016" errors="0">
  <testcase name="sampleTest" time="0.016" classname="dummy.Const"/>
</testsuite> <!-- dummy.Const -->
