<?xml version="1.0" encoding="UTF-8"?>
<!-- Generated by org.testng.reporters.JUnitReportReporter -->
<testsuite hostname="CSCINDAE752477" name="com.inheritence.ClassB" tests="2" failures="0" timestamp="27 Oct 2017 11:26:42 GMT" time="0.010" errors="0">
  <testcase name="testD" time="0.009" classname="com.inheritence.ClassB"/>
  <testcase name="testC" time="0.001" classname="com.inheritence.ClassB"/>
</testsuite> <!-- com.inheritence.ClassB -->
