<?xml version="1.0" encoding="UTF-8"?>
<!-- Generated by org.testng.reporters.JUnitReportReporter -->
<testsuite hostname="CSCINDAE752477" name="com.inheritence.ClassC" tests="1" failures="0" timestamp="27 Oct 2017 11:01:48 GMT" time="0.010" errors="0">
  <testcase name="testSample" time="0.010" classname="com.inheritence.ClassC"/>
</testsuite> <!-- com.inheritence.ClassC -->
