<?xml version="1.0" encoding="UTF-8"?>
<!-- Generated by org.testng.reporters.JUnitReportReporter -->
<testsuite hostname="CSCINDAE752477" name="com.inheritence.ClassA" tests="2" failures="0" timestamp="27 Oct 2017 11:22:09 GMT" time="0.011" errors="0">
  <testcase name="testB" time="0.001" classname="com.inheritence.ClassA"/>
  <testcase name="testA" time="0.010" classname="com.inheritence.ClassA"/>
</testsuite> <!-- com.inheritence.ClassA -->
