<?xml version="1.0" encoding="UTF-8"?>
<!-- Generated by org.testng.reporters.JUnitReportReporter -->
<testsuite hostname="CSCINDAE752477" name="com.testng.tests2.Test3" tests="3" failures="0" timestamp="16 Oct 2017 09:16:06 GMT" time="0.001" errors="0">
  <testcase name="case9" time="0.000" classname="com.testng.tests2.Test3"/>
  <testcase name="case7" time="0.000" classname="com.testng.tests2.Test3"/>
  <testcase name="case8" time="0.001" classname="com.testng.tests2.Test3"/>
</testsuite> <!-- com.testng.tests2.Test3 -->
