<?xml version="1.0" encoding="UTF-8"?>
<!-- Generated by org.testng.reporters.JUnitReportReporter -->
<testsuite hostname="CSCINDAE752477" name="seleniumPractice.Prac1" tests="3" failures="0" timestamp="3 Nov 2017 11:37:44 GMT" time="42.888" errors="0">
  <testcase name="formFill" time="10.767" classname="seleniumPractice.Prac1"/>
  <testcase name="formFill" time="19.972" classname="seleniumPractice.Prac1"/>
  <testcase name="formFill" time="12.149" classname="seleniumPractice.Prac1"/>
</testsuite> <!-- seleniumPractice.Prac1 -->
